2020-02-14 10:51:42,117 INFO org.springframework.web.context.ContextLoader.initWebApplicationContext() - Root WebApplicationContext: initialization started
2020-02-14 10:51:42,236 INFO org.springframework.web.context.support.XmlWebApplicationContext.prepareRefresh() - Refreshing Root WebApplicationContext: startup date [Fri Feb 14 10:51:42 CST 2020]; root of context hierarchy
2020-02-14 10:51:42,298 INFO org.springframework.beans.factory.xml.XmlBeanDefinitionReader.loadBeanDefinitions() - Loading XML bean definitions from class path resource [applicationContext.xml]
2020-02-14 10:51:42,918 INFO org.springframework.context.support.PropertySourcesPlaceholderConfigurer.loadProperties() - Loading properties file from class path resource [jdbc.properties]
2020-02-14 10:51:42,934 INFO org.springframework.beans.factory.annotation.AutowiredAnnotationBeanPostProcessor.<init>() - JSR-330 'javax.inject.Inject' annotation found and supported for autowiring
2020-02-14 10:51:43,707 INFO org.springframework.web.context.ContextLoader.initWebApplicationContext() - Root WebApplicationContext: initialization completed in 1584 ms
2020-02-14 10:52:02,775 INFO org.springframework.web.servlet.DispatcherServlet.initServletBean() - FrameworkServlet 'springmvc': initialization started
2020-02-14 10:52:02,803 INFO org.springframework.web.context.support.XmlWebApplicationContext.prepareRefresh() - Refreshing WebApplicationContext for namespace 'springmvc-servlet': startup date [Fri Feb 14 10:52:02 CST 2020]; parent: Root WebApplicationContext
2020-02-14 10:52:02,807 INFO org.springframework.beans.factory.xml.XmlBeanDefinitionReader.loadBeanDefinitions() - Loading XML bean definitions from class path resource [springmvc.xml]
2020-02-14 10:52:03,788 INFO org.springframework.beans.factory.annotation.AutowiredAnnotationBeanPostProcessor.<init>() - JSR-330 'javax.inject.Inject' annotation found and supported for autowiring
2020-02-14 10:52:05,694 INFO org.springframework.web.servlet.handler.SimpleUrlHandlerMapping.registerHandler() - Mapped URL path [/**] onto handler 'org.springframework.web.servlet.resource.DefaultServletHttpRequestHandler#0'
2020-02-14 10:52:05,870 INFO org.springframework.web.servlet.mvc.method.annotation.RequestMappingHandlerMapping.registerHandlerMethod() - Mapped "{[/paper/save],methods=[],params=[],headers=[],consumes=[],produces=[],custom=[]}" onto public int com.bishe.paper.controller.papersController.save(com.bishe.paper.bean.dcpaper)
2020-02-14 10:52:05,872 INFO org.springframework.web.servlet.mvc.method.annotation.RequestMappingHandlerMapping.registerHandlerMethod() - Mapped "{[/paper/list/{ptype}],methods=[],params=[],headers=[],consumes=[],produces=[],custom=[]}" onto public org.springframework.web.servlet.ModelAndView com.bishe.paper.controller.papersController.getList(int,int)
2020-02-14 10:52:05,874 INFO org.springframework.web.servlet.mvc.method.annotation.RequestMappingHandlerMapping.registerHandlerMethod() - Mapped "{[/code/verify],methods=[],params=[],headers=[],consumes=[],produces=[],custom=[]}" onto public void com.bishe.user.controller.codeController.getVerifiCode(javax.servlet.http.HttpServletRequest,javax.servlet.http.HttpServletResponse) throws java.io.IOException,java.io.IOException
2020-02-14 10:52:05,876 INFO org.springframework.web.servlet.mvc.method.annotation.RequestMappingHandlerMapping.registerHandlerMethod() - Mapped "{[/user/list],methods=[],params=[],headers=[],consumes=[],produces=[],custom=[]}" onto public java.util.List<com.bishe.user.bean.user> com.bishe.user.controller.userController.getlist()
2020-02-14 10:52:05,877 INFO org.springframework.web.servlet.mvc.method.annotation.RequestMappingHandlerMapping.registerHandlerMethod() - Mapped "{[/user/login],methods=[POST],params=[],headers=[],consumes=[],produces=[],custom=[]}" onto public java.lang.String com.bishe.user.controller.userController.login(com.bishe.user.bean.user,java.lang.String,javax.servlet.http.HttpSession,org.springframework.web.servlet.mvc.support.RedirectAttributes)
2020-02-14 10:52:07,370 INFO org.springframework.web.servlet.DispatcherServlet.initServletBean() - FrameworkServlet 'springmvc': initialization completed in 4589 ms
2020-02-14 10:52:07,421 INFO com.bishe.Aspect.ControllerAspect.beforeLog() - 请求的类是：com.bishe.user.controller.codeController目标方法的签名是：void com.bishe.user.controller.codeController.getVerifiCode(HttpServletRequest,HttpServletResponse)发送请求地址0:0:0:0:0:0:0:1
2020-02-14 10:52:20,562 INFO com.bishe.Aspect.ControllerAspect.beforeLog() - 请求的类是：com.bishe.user.controller.userController目标方法的签名是：String com.bishe.user.controller.userController.login(user,String,HttpSession,RedirectAttributes)发送请求地址0:0:0:0:0:0:0:1
2020-02-14 10:52:20,735 INFO com.alibaba.druid.pool.DruidDataSource.init() - {dataSource-1} inited
2020-02-14 10:52:30,939 INFO com.bishe.Aspect.ControllerAspect.beforeLog() - 请求的类是：com.bishe.paper.controller.papersController目标方法的签名是：ModelAndView com.bishe.paper.controller.papersController.getList(int,int)发送请求地址0:0:0:0:0:0:0:1
